  main.c
c:\users\phgm\documents\ufrpe\3d viewer\3d_viewer\3d_viewer\main.c(83): warning C4047: 'function': 'size_t' differs in levels of indirection from 'int *'
c:\users\phgm\documents\ufrpe\3d viewer\3d_viewer\3d_viewer\main.c(83): warning C4024: 'malloc': different types for formal and actual parameter 1
c:\users\phgm\documents\ufrpe\3d viewer\3d_viewer\3d_viewer\main.c(84): warning C4047: 'function': 'size_t' differs in levels of indirection from 'int *'
c:\users\phgm\documents\ufrpe\3d viewer\3d_viewer\3d_viewer\main.c(84): warning C4024: 'malloc': different types for formal and actual parameter 1
c:\users\phgm\documents\ufrpe\3d viewer\3d_viewer\3d_viewer\main.c(85): warning C4047: 'function': 'size_t' differs in levels of indirection from 'int *'
c:\users\phgm\documents\ufrpe\3d viewer\3d_viewer\3d_viewer\main.c(85): warning C4024: 'malloc': different types for formal and actual parameter 1
c:\users\phgm\documents\ufrpe\3d viewer\3d_viewer\3d_viewer\main.c(87): warning C4047: 'function': 'size_t' differs in levels of indirection from 'int *'
c:\users\phgm\documents\ufrpe\3d viewer\3d_viewer\3d_viewer\main.c(87): warning C4024: 'malloc': different types for formal and actual parameter 1
c:\users\phgm\documents\ufrpe\3d viewer\3d_viewer\3d_viewer\main.c(71): warning C4996: 'fopen': This function or variable may be unsafe. Consider using fopen_s instead. To disable deprecation, use _CRT_SECURE_NO_WARNINGS. See online help for details.
  c:\program files (x86)\windows kits\10\include\10.0.10240.0\ucrt\stdio.h(205): note: see declaration of 'fopen'
c:\users\phgm\documents\ufrpe\3d viewer\3d_viewer\3d_viewer\main.c(72): warning C4996: 'fscanf': This function or variable may be unsafe. Consider using fscanf_s instead. To disable deprecation, use _CRT_SECURE_NO_WARNINGS. See online help for details.
  c:\program files (x86)\windows kits\10\include\10.0.10240.0\ucrt\stdio.h(1193): note: see declaration of 'fscanf'
c:\users\phgm\documents\ufrpe\3d viewer\3d_viewer\3d_viewer\main.c(93): warning C4996: 'fscanf': This function or variable may be unsafe. Consider using fscanf_s instead. To disable deprecation, use _CRT_SECURE_NO_WARNINGS. See online help for details.
  c:\program files (x86)\windows kits\10\include\10.0.10240.0\ucrt\stdio.h(1193): note: see declaration of 'fscanf'
c:\users\phgm\documents\ufrpe\3d viewer\3d_viewer\3d_viewer\main.c(106): warning C4996: 'fscanf': This function or variable may be unsafe. Consider using fscanf_s instead. To disable deprecation, use _CRT_SECURE_NO_WARNINGS. See online help for details.
  c:\program files (x86)\windows kits\10\include\10.0.10240.0\ucrt\stdio.h(1193): note: see declaration of 'fscanf'
c:\users\phgm\documents\ufrpe\3d viewer\3d_viewer\3d_viewer\main.c(140): warning C4244: 'initializing': conversion from 'double' to 'float', possible loss of data
c:\users\phgm\documents\ufrpe\3d viewer\3d_viewer\3d_viewer\main.c(176): warning C4244: 'initializing': conversion from 'double' to 'float', possible loss of data
c:\users\phgm\documents\ufrpe\3d viewer\3d_viewer\3d_viewer\main.c(206): warning C4996: 'fopen': This function or variable may be unsafe. Consider using fopen_s instead. To disable deprecation, use _CRT_SECURE_NO_WARNINGS. See online help for details.
  c:\program files (x86)\windows kits\10\include\10.0.10240.0\ucrt\stdio.h(205): note: see declaration of 'fopen'
c:\users\phgm\documents\ufrpe\3d viewer\3d_viewer\3d_viewer\main.c(207): warning C4996: 'fscanf': This function or variable may be unsafe. Consider using fscanf_s instead. To disable deprecation, use _CRT_SECURE_NO_WARNINGS. See online help for details.
  c:\program files (x86)\windows kits\10\include\10.0.10240.0\ucrt\stdio.h(1193): note: see declaration of 'fscanf'
c:\users\phgm\documents\ufrpe\3d viewer\3d_viewer\3d_viewer\main.c(208): warning C4996: 'fscanf': This function or variable may be unsafe. Consider using fscanf_s instead. To disable deprecation, use _CRT_SECURE_NO_WARNINGS. See online help for details.
  c:\program files (x86)\windows kits\10\include\10.0.10240.0\ucrt\stdio.h(1193): note: see declaration of 'fscanf'
c:\users\phgm\documents\ufrpe\3d viewer\3d_viewer\3d_viewer\main.c(209): warning C4996: 'fscanf': This function or variable may be unsafe. Consider using fscanf_s instead. To disable deprecation, use _CRT_SECURE_NO_WARNINGS. See online help for details.
  c:\program files (x86)\windows kits\10\include\10.0.10240.0\ucrt\stdio.h(1193): note: see declaration of 'fscanf'
c:\users\phgm\documents\ufrpe\3d viewer\3d_viewer\3d_viewer\main.c(210): warning C4996: 'fscanf': This function or variable may be unsafe. Consider using fscanf_s instead. To disable deprecation, use _CRT_SECURE_NO_WARNINGS. See online help for details.
  c:\program files (x86)\windows kits\10\include\10.0.10240.0\ucrt\stdio.h(1193): note: see declaration of 'fscanf'
c:\users\phgm\documents\ufrpe\3d viewer\3d_viewer\3d_viewer\main.c(211): warning C4996: 'fscanf': This function or variable may be unsafe. Consider using fscanf_s instead. To disable deprecation, use _CRT_SECURE_NO_WARNINGS. See online help for details.
  c:\program files (x86)\windows kits\10\include\10.0.10240.0\ucrt\stdio.h(1193): note: see declaration of 'fscanf'
c:\users\phgm\documents\ufrpe\3d viewer\3d_viewer\3d_viewer\main.c(212): warning C4996: 'fscanf': This function or variable may be unsafe. Consider using fscanf_s instead. To disable deprecation, use _CRT_SECURE_NO_WARNINGS. See online help for details.
  c:\program files (x86)\windows kits\10\include\10.0.10240.0\ucrt\stdio.h(1193): note: see declaration of 'fscanf'
c:\users\phgm\documents\ufrpe\3d viewer\3d_viewer\3d_viewer\main.c(213): warning C4996: 'fscanf': This function or variable may be unsafe. Consider using fscanf_s instead. To disable deprecation, use _CRT_SECURE_NO_WARNINGS. See online help for details.
  c:\program files (x86)\windows kits\10\include\10.0.10240.0\ucrt\stdio.h(1193): note: see declaration of 'fscanf'
c:\users\phgm\documents\ufrpe\3d viewer\3d_viewer\3d_viewer\main.c(214): warning C4996: 'fscanf': This function or variable may be unsafe. Consider using fscanf_s instead. To disable deprecation, use _CRT_SECURE_NO_WARNINGS. See online help for details.
  c:\program files (x86)\windows kits\10\include\10.0.10240.0\ucrt\stdio.h(1193): note: see declaration of 'fscanf'
c:\users\phgm\documents\ufrpe\3d viewer\3d_viewer\3d_viewer\main.c(215): warning C4996: 'fscanf': This function or variable may be unsafe. Consider using fscanf_s instead. To disable deprecation, use _CRT_SECURE_NO_WARNINGS. See online help for details.
  c:\program files (x86)\windows kits\10\include\10.0.10240.0\ucrt\stdio.h(1193): note: see declaration of 'fscanf'
c:\users\phgm\documents\ufrpe\3d viewer\3d_viewer\3d_viewer\main.c(216): warning C4996: 'fscanf': This function or variable may be unsafe. Consider using fscanf_s instead. To disable deprecation, use _CRT_SECURE_NO_WARNINGS. See online help for details.
  c:\program files (x86)\windows kits\10\include\10.0.10240.0\ucrt\stdio.h(1193): note: see declaration of 'fscanf'
c:\users\phgm\documents\ufrpe\3d viewer\3d_viewer\3d_viewer\main.c(217): warning C4996: 'fscanf': This function or variable may be unsafe. Consider using fscanf_s instead. To disable deprecation, use _CRT_SECURE_NO_WARNINGS. See online help for details.
  c:\program files (x86)\windows kits\10\include\10.0.10240.0\ucrt\stdio.h(1193): note: see declaration of 'fscanf'
c:\users\phgm\documents\ufrpe\3d viewer\3d_viewer\3d_viewer\main.c(218): warning C4996: 'fscanf': This function or variable may be unsafe. Consider using fscanf_s instead. To disable deprecation, use _CRT_SECURE_NO_WARNINGS. See online help for details.
  c:\program files (x86)\windows kits\10\include\10.0.10240.0\ucrt\stdio.h(1193): note: see declaration of 'fscanf'
c:\users\phgm\documents\ufrpe\3d viewer\3d_viewer\3d_viewer\main.c(253): warning C4244: 'function': conversion from 'int' to 'GLfloat', possible loss of data
c:\users\phgm\documents\ufrpe\3d viewer\3d_viewer\3d_viewer\main.c(324): warning C4244: '=': conversion from 'double' to 'float', possible loss of data
c:\users\phgm\documents\ufrpe\3d viewer\3d_viewer\3d_viewer\main.c(325): warning C4244: '=': conversion from 'double' to 'float', possible loss of data
c:\users\phgm\documents\ufrpe\3d viewer\3d_viewer\3d_viewer\main.c(374): warning C4113: 'void (__cdecl *)(int,int,int,int)' differs in parameter lists from 'void (__cdecl *)(int,int)'
  3d_viewer.vcxproj -> C:\Users\phgm\Documents\UFRPE\3D Viewer\3d_viewer\Debug\3d_viewer.exe
